Determining if the pthread_create exist failed with the following output:
Change Dir: /opt/PythonVm/build/CMakeFiles/CMakeTmp

Run Build Command:"/usr/bin/make" "cmTC_befd8/fast"
/usr/bin/make -f CMakeFiles/cmTC_befd8.dir/build.make CMakeFiles/cmTC_befd8.dir/build
make[1]: Entering directory '/opt/PythonVm/build/CMakeFiles/CMakeTmp'
Building C object CMakeFiles/cmTC_befd8.dir/CheckSymbolExists.c.o
/usr/bin/cc    -o CMakeFiles/cmTC_befd8.dir/CheckSymbolExists.c.o   -c /opt/PythonVm/build/CMakeFiles/CMakeTmp/CheckSymbolExists.c
Linking C executable cmTC_befd8
/usr/bin/cmake -E cmake_link_script CMakeFiles/cmTC_befd8.dir/link.txt --verbose=1
/usr/bin/cc      CMakeFiles/cmTC_befd8.dir/CheckSymbolExists.c.o  -o cmTC_befd8 
CMakeFiles/cmTC_befd8.dir/CheckSymbolExists.c.o: In function `main':
CheckSymbolExists.c:(.text+0x1b): undefined reference to `pthread_create'
collect2: error: ld returned 1 exit status
CMakeFiles/cmTC_befd8.dir/build.make:97: recipe for target 'cmTC_befd8' failed
make[1]: *** [cmTC_befd8] Error 1
make[1]: Leaving directory '/opt/PythonVm/build/CMakeFiles/CMakeTmp'
Makefile:126: recipe for target 'cmTC_befd8/fast' failed
make: *** [cmTC_befd8/fast] Error 2

File /opt/PythonVm/build/CMakeFiles/CMakeTmp/CheckSymbolExists.c:
/* */
#include <pthread.h>

int main(int argc, char** argv)
{
  (void)argv;
#ifndef pthread_create
  return ((int*)(&pthread_create))[argc];
#else
  (void)argc;
  return 0;
#endif
}

Determining if the function pthread_create exists in the pthreads failed with the following output:
Change Dir: /opt/PythonVm/build/CMakeFiles/CMakeTmp

Run Build Command:"/usr/bin/make" "cmTC_59e12/fast"
/usr/bin/make -f CMakeFiles/cmTC_59e12.dir/build.make CMakeFiles/cmTC_59e12.dir/build
make[1]: Entering directory '/opt/PythonVm/build/CMakeFiles/CMakeTmp'
Building C object CMakeFiles/cmTC_59e12.dir/CheckFunctionExists.c.o
/usr/bin/cc   -DCHECK_FUNCTION_EXISTS=pthread_create   -o CMakeFiles/cmTC_59e12.dir/CheckFunctionExists.c.o   -c /usr/share/cmake-3.10/Modules/CheckFunctionExists.c
Linking C executable cmTC_59e12
/usr/bin/cmake -E cmake_link_script CMakeFiles/cmTC_59e12.dir/link.txt --verbose=1
/usr/bin/cc  -DCHECK_FUNCTION_EXISTS=pthread_create    CMakeFiles/cmTC_59e12.dir/CheckFunctionExists.c.o  -o cmTC_59e12 -lpthreads 
/usr/bin/ld: cannot find -lpthreads
collect2: error: ld returned 1 exit status
CMakeFiles/cmTC_59e12.dir/build.make:97: recipe for target 'cmTC_59e12' failed
make[1]: *** [cmTC_59e12] Error 1
make[1]: Leaving directory '/opt/PythonVm/build/CMakeFiles/CMakeTmp'
Makefile:126: recipe for target 'cmTC_59e12/fast' failed
make: *** [cmTC_59e12/fast] Error 2


